<?xml version="1.0" encoding="UTF-8"?>
<testsuite name="AnimalTest" tests="10" skipped="0" failures="0" errors="0" timestamp="2020-12-02T08:51:16" hostname="wecode-VivoBook-15-ASUS-Laptop-X540UAR" time="0.595">
  <properties/>
  <testcase name="getEndangered_fromAnimal_true" classname="AnimalTest" time="0.16"/>
  <testcase name="getName_fromAnimal_monkey" classname="AnimalTest" time="0.007"/>
  <testcase name="getAge_fromAnimal_newborn" classname="AnimalTest" time="0.007"/>
  <testcase name="equals_fromAnimal_true" classname="AnimalTest" time="0.006"/>
  <testcase name="save_ObjectIntoDatabase_Animals" classname="AnimalTest" time="0.172"/>
  <testcase name="getHealthy_fromAnimal_true" classname="AnimalTest" time="0.006"/>
  <testcase name="save_assignsIdToAnimal" classname="AnimalTest" time="0.064"/>
  <testcase name="animal_instantiatesCorrectly_true" classname="AnimalTest" time="0.005"/>
  <testcase name="find_returnsAnimalWithSameId_secondAnimal" classname="AnimalTest" time="0.09"/>
  <testcase name="all_returnsAllInstancesOfAnimal_true" classname="AnimalTest" time="0.073"/>
  <system-out><![CDATA[]]></system-out>
  <system-err><![CDATA[]]></system-err>
</testsuite>
