<?xml version="1.0" encoding="UTF-8"?>
<testsuite name="AnimalsTest" tests="6" skipped="0" failures="0" errors="0" timestamp="2020-12-02T06:15:17" hostname="wecode-VivoBook-15-ASUS-Laptop-X540UAR" time="0.003">
  <properties/>
  <testcase name="getName_fromAnimal_String" classname="AnimalsTest" time="0.001"/>
  <testcase name="getAge_fromAnimal_String" classname="AnimalsTest" time="0.0"/>
  <testcase name="animal_instantiatesCorrectly_true" classname="AnimalsTest" time="0.0"/>
  <testcase name="testEquals" classname="AnimalsTest" time="0.0"/>
  <testcase name="getEndangered" classname="AnimalsTest" time="0.0"/>
  <testcase name="getHealthy" classname="AnimalsTest" time="0.001"/>
  <system-out><![CDATA[]]></system-out>
  <system-err><![CDATA[]]></system-err>
</testsuite>
